Assembler report for nios2Esp32Hardware
Sat Mar  4 17:14:22 2023
Quartus Prime Version 20.1.0 Build 711 06/05/2020 SJ Lite Edition


---------------------
; Table of Contents ;
---------------------
  1. Legal Notice
  2. Assembler Summary
  3. Assembler Settings
  4. Assembler Encrypted IP Cores Summary
  5. Assembler Generated Files
  6. Assembler Device Options: nios2Esp32Hardware_time_limited.sof
  7. Assembler Messages



----------------
; Legal Notice ;
----------------
Copyright (C) 2020  Intel Corporation. All rights reserved.
Your use of Intel Corporation's design tools, logic functions 
and other software and tools, and any partner logic 
functions, and any output files from any of the foregoing 
(including device programming or simulation files), and any 
associated documentation or information are expressly subject 
to the terms and conditions of the Intel Program License 
Subscription Agreement, the Intel Quartus Prime License Agreement,
the Intel FPGA IP License Agreement, or other applicable license
agreement, including, without limitation, that your use is for
the sole purpose of programming logic devices manufactured by
Intel and sold by Intel or its authorized distributors.  Please
refer to the applicable agreement for further details, at
https://fpgasoftware.intel.com/eula.



+---------------------------------------------------------------+
; Assembler Summary                                             ;
+-----------------------+---------------------------------------+
; Assembler Status      ; Successful - Sat Mar  4 17:14:22 2023 ;
; Revision Name         ; nios2Esp32Hardware                    ;
; Top-level Entity Name ; esp32NiosHardwareTop                  ;
; Family                ; MAX 10                                ;
; Device                ; 10M50DAF484C7G                        ;
+-----------------------+---------------------------------------+


+----------------------------------+
; Assembler Settings               ;
+--------+---------+---------------+
; Option ; Setting ; Default Value ;
+--------+---------+---------------+


+----------------------------------------------------------------------------------+
; Assembler Encrypted IP Cores Summary                                             ;
+--------+---------------------------------------------------------+---------------+
; Vendor ; IP Core Name                                            ; License Type  ;
+--------+---------------------------------------------------------+---------------+
; Altera ; Nios II Embedded Processor Encrypted output (6AF7 00A2) ; OpenCore Plus ;
; Altera ; Signal Tap (6AF7 BCE1)                                  ; Licensed      ;
; Altera ; Signal Tap (6AF7 BCEC)                                  ; Licensed      ;
+--------+---------------------------------------------------------+---------------+


+------------------------------------------------------------------------------------------------------------------------------------+
; Assembler Generated Files                                                                                                          ;
+------------------------------------------------------------------------------------------------------------------------------------+
; File Name                                                                                                                          ;
+------------------------------------------------------------------------------------------------------------------------------------+
; /home/omaralkhatib/Documents/IP/Information-Processing-Group-Project/esp32Project/output_files/nios2Esp32Hardware_time_limited.sof ;
+------------------------------------------------------------------------------------------------------------------------------------+


+---------------------------------------------------------------+
; Assembler Device Options: nios2Esp32Hardware_time_limited.sof ;
+----------------+----------------------------------------------+
; Option         ; Setting                                      ;
+----------------+----------------------------------------------+
; JTAG usercode  ; 0x0073C46B                                   ;
; Checksum       ; 0x0073C46B                                   ;
+----------------+----------------------------------------------+


+--------------------+
; Assembler Messages ;
+--------------------+
Info: *******************************************************************
Info: Running Quartus Prime Assembler
    Info: Version 20.1.0 Build 711 06/05/2020 SJ Lite Edition
    Info: Processing started: Sat Mar  4 17:14:20 2023
Info: Command: quartus_asm --read_settings_files=off --write_settings_files=off nios2Esp32Hardware -c nios2Esp32Hardware
Warning (18236): Number of processors has not been specified which may cause overloading on shared machines.  Set the global assignment NUM_PARALLEL_PROCESSORS in your QSF to an appropriate value for best performance.
Info (115031): Writing out detailed assembly data for power analysis
Info (115030): Assembler is generating device programming files
Info (115017): Design contains a time-limited core -- only a single, time-limited programming file can be generated
Info: Quartus Prime Assembler was successful. 0 errors, 1 warning
    Info: Peak virtual memory: 396 megabytes
    Info: Processing ended: Sat Mar  4 17:14:22 2023
    Info: Elapsed time: 00:00:02
    Info: Total CPU time (on all processors): 00:00:02


