Flow report for nios2Esp32Hardware
Sat Mar  4 15:12:56 2023
Quartus Prime Version 20.1.0 Build 711 06/05/2020 SJ Lite Edition


---------------------
; Table of Contents ;
---------------------
  1. Legal Notice
  2. Flow Summary
  3. Flow Settings
  4. Flow Non-Default Global Settings
  5. Flow Elapsed Time
  6. Flow OS Summary
  7. Flow Log
  8. Flow Messages
  9. Flow Suppressed Messages



----------------
; Legal Notice ;
----------------
Copyright (C) 2020  Intel Corporation. All rights reserved.
Your use of Intel Corporation's design tools, logic functions 
and other software and tools, and any partner logic 
functions, and any output files from any of the foregoing 
(including device programming or simulation files), and any 
associated documentation or information are expressly subject 
to the terms and conditions of the Intel Program License 
Subscription Agreement, the Intel Quartus Prime License Agreement,
the Intel FPGA IP License Agreement, or other applicable license
agreement, including, without limitation, that your use is for
the sole purpose of programming logic devices manufactured by
Intel and sold by Intel or its authorized distributors.  Please
refer to the applicable agreement for further details, at
https://fpgasoftware.intel.com/eula.



+----------------------------------------------------------------------------------+
; Flow Summary                                                                     ;
+------------------------------------+---------------------------------------------+
; Flow Status                        ; Successful - Sat Mar  4 15:12:52 2023       ;
; Quartus Prime Version              ; 20.1.0 Build 711 06/05/2020 SJ Lite Edition ;
; Revision Name                      ; nios2Esp32Hardware                          ;
; Top-level Entity Name              ; esp32NiosHardwareTop                        ;
; Family                             ; MAX 10                                      ;
; Device                             ; 10M50DAF484C7G                              ;
; Timing Models                      ; Final                                       ;
; Total logic elements               ; 7,477 / 49,760 ( 15 % )                     ;
;     Total combinational functions  ; 6,626 / 49,760 ( 13 % )                     ;
;     Dedicated logic registers      ; 4,104 / 49,760 ( 8 % )                      ;
; Total registers                    ; 4173                                        ;
; Total pins                         ; 185 / 360 ( 51 % )                          ;
; Total virtual pins                 ; 0                                           ;
; Total memory bits                  ; 47,616 / 1,677,312 ( 3 % )                  ;
; Embedded Multiplier 9-bit elements ; 10 / 288 ( 3 % )                            ;
; Total PLLs                         ; 1 / 4 ( 25 % )                              ;
; UFM blocks                         ; 0 / 1 ( 0 % )                               ;
; ADC blocks                         ; 0 / 2 ( 0 % )                               ;
+------------------------------------+---------------------------------------------+


+-----------------------------------------+
; Flow Settings                           ;
+-------------------+---------------------+
; Option            ; Setting             ;
+-------------------+---------------------+
; Start date & time ; 03/04/2023 15:11:43 ;
; Main task         ; Compilation         ;
; Revision Name     ; nios2Esp32Hardware  ;
+-------------------+---------------------+


+---------------------------------------------------------------------------------------------------------------------------------------+
; Flow Non-Default Global Settings                                                                                                      ;
+-------------------------------------+----------------------------------------+--------------------+----------------------+------------+
; Assignment Name                     ; Value                                  ; Default Value      ; Entity Name          ; Section Id ;
+-------------------------------------+----------------------------------------+--------------------+----------------------+------------+
; COMPILER_SIGNATURE_ID               ; 45004049384799.167794270319453         ; --                 ; --                   ; --         ;
; MAX_CORE_JUNCTION_TEMP              ; 85                                     ; --                 ; --                   ; --         ;
; MIN_CORE_JUNCTION_TEMP              ; 0                                      ; --                 ; --                   ; --         ;
; PARTITION_COLOR                     ; -- (Not supported for targeted family) ; --                 ; esp32NiosHardwareTop ; Top        ;
; PARTITION_FITTER_PRESERVATION_LEVEL ; -- (Not supported for targeted family) ; --                 ; esp32NiosHardwareTop ; Top        ;
; PARTITION_NETLIST_TYPE              ; -- (Not supported for targeted family) ; --                 ; esp32NiosHardwareTop ; Top        ;
; POWER_BOARD_THERMAL_MODEL           ; None (CONSERVATIVE)                    ; --                 ; --                   ; --         ;
; POWER_PRESET_COOLING_SOLUTION       ; 23 MM HEAT SINK WITH 200 LFPM AIRFLOW  ; --                 ; --                   ; --         ;
; PROJECT_OUTPUT_DIRECTORY            ; output_files                           ; --                 ; --                   ; --         ;
; TOP_LEVEL_ENTITY                    ; esp32NiosHardwareTop                   ; nios2Esp32Hardware ; --                   ; --         ;
+-------------------------------------+----------------------------------------+--------------------+----------------------+------------+


+--------------------------------------------------------------------------------------------------------------------------+
; Flow Elapsed Time                                                                                                        ;
+----------------------+--------------+-------------------------+---------------------+------------------------------------+
; Module Name          ; Elapsed Time ; Average Processors Used ; Peak Virtual Memory ; Total CPU Time (on all processors) ;
+----------------------+--------------+-------------------------+---------------------+------------------------------------+
; Analysis & Synthesis ; 00:00:42     ; 1.0                     ; 715 MB              ; 00:01:26                           ;
; Fitter               ; 00:00:21     ; 2.0                     ; 2197 MB             ; 00:00:53                           ;
; Assembler            ; 00:00:02     ; 1.0                     ; 398 MB              ; 00:00:02                           ;
; Timing Analyzer      ; 00:00:04     ; 3.8                     ; 753 MB              ; 00:00:15                           ;
; Total                ; 00:01:09     ; --                      ; --                  ; 00:02:36                           ;
+----------------------+--------------+-------------------------+---------------------+------------------------------------+


+--------------------------------------------------------------------------------------------------+
; Flow OS Summary                                                                                  ;
+----------------------+----------------------------+----------------+------------+----------------+
; Module Name          ; Machine Hostname           ; OS Name        ; OS Version ; Processor type ;
+----------------------+----------------------------+----------------+------------+----------------+
; Analysis & Synthesis ; omaralkhatib-Dell-G15-5515 ; Ubuntu 22.04.2 ; 22         ; x86_64         ;
; Fitter               ; omaralkhatib-Dell-G15-5515 ; Ubuntu 22.04.2 ; 22         ; x86_64         ;
; Assembler            ; omaralkhatib-Dell-G15-5515 ; Ubuntu 22.04.2 ; 22         ; x86_64         ;
; Timing Analyzer      ; omaralkhatib-Dell-G15-5515 ; Ubuntu 22.04.2 ; 22         ; x86_64         ;
+----------------------+----------------------------+----------------+------------+----------------+


------------
; Flow Log ;
------------
quartus_map --read_settings_files=on --write_settings_files=off nios2Esp32Hardware -c nios2Esp32Hardware
quartus_fit --read_settings_files=off --write_settings_files=off nios2Esp32Hardware -c nios2Esp32Hardware
quartus_asm --read_settings_files=off --write_settings_files=off nios2Esp32Hardware -c nios2Esp32Hardware
quartus_sta nios2Esp32Hardware -c nios2Esp32Hardware



